<?xml version="1.0" encoding="UTF-8"?>
<!-- Generated by org.testng.reporters.JUnitReportReporter -->
<testsuite skipped="0" hostname="DESKTOP-GQFH89F" name="test.LoginTest" tests="1" failures="0" timestamp="20 May 2021 03:59:37 GMT" time="6.159" errors="0">
  <testcase name="validUserShouldAbleToLogin" time="6.159" classname="test.LoginTest"/>
</testsuite> <!-- test.LoginTest -->
