<?xml version="1.0" encoding="UTF-8"?>
<!-- Generated by org.testng.reporters.JUnitReportReporter -->
<testsuite skipped="0" hostname="DESKTOP-GQFH89F" name="util.BrowserFactor" tests="1" failures="0" timestamp="19 May 2021 22:48:50 GMT" time="3.875" errors="0">
  <testcase name="init" time="3.875" classname="util.BrowserFactor"/>
</testsuite> <!-- util.BrowserFactor -->
